<?xml version="1.0" encoding="UTF-8"?>
<testng-results ignored="0" total="1" passed="1" failed="0" skipped="0">
  <reporter-output>
    <line>
      <![CDATA[Success]]>
    </line>
    <line>
      <![CDATA[Logout found]]>
    </line>
  </reporter-output>
  <suite started-at="2025-04-21T21:57:40 IST" name="Suite" finished-at="2025-04-21T21:57:49 IST" duration-ms="9183">
    <groups>
    </groups>
    <test started-at="2025-04-21T21:57:40 IST" name="Test" finished-at="2025-04-21T21:57:49 IST" duration-ms="9183">
      <class name="testCases.TC_RF_003">
        <test-method is-config="true" signature="setUp(java.lang.String)[pri:0, instance:testCases.TC_RF_003@269f4bad]" started-at="2025-04-21T21:57:40 IST" name="setUp" finished-at="2025-04-21T21:57:46 IST" duration-ms="5243" status="PASS">
          <params>
            <param index="0">
              <value>
                <![CDATA[chrome]]>
              </value>
            </param>
          </params>
          <reporter-output>
          </reporter-output>
        </test-method> <!-- setUp -->
        <test-method signature="register()[pri:0, instance:testCases.TC_RF_003@269f4bad]" started-at="2025-04-21T21:57:46 IST" name="register" finished-at="2025-04-21T21:57:49 IST" duration-ms="3466" status="PASS">
          <reporter-output>
            <line>
              <![CDATA[Success]]>
            </line>
            <line>
              <![CDATA[Logout found]]>
            </line>
          </reporter-output>
        </test-method> <!-- register -->
        <test-method is-config="true" signature="tearDown()[pri:0, instance:testCases.TC_RF_003@269f4bad]" started-at="2025-04-21T21:57:49 IST" name="tearDown" finished-at="2025-04-21T21:57:49 IST" duration-ms="402" status="PASS">
          <reporter-output>
          </reporter-output>
        </test-method> <!-- tearDown -->
      </class> <!-- testCases.TC_RF_003 -->
    </test> <!-- Test -->
  </suite> <!-- Suite -->
</testng-results>
