<?xml version="1.0" encoding="UTF-8"?>
<testng-results ignored="0" total="1" passed="1" failed="0" skipped="0">
  <reporter-output>
  </reporter-output>
  <suite started-at="2025-04-15T23:24:02 IST" name="Suite" finished-at="2025-04-15T23:24:12 IST" duration-ms="9942">
    <groups>
    </groups>
    <test started-at="2025-04-15T23:24:02 IST" name="Test" finished-at="2025-04-15T23:24:12 IST" duration-ms="9942">
      <class name="testCases.TC_RF_001">
        <test-method is-config="true" signature="setUp(java.lang.String)[pri:0, instance:testCases.TC_RF_001@269f4bad]" started-at="2025-04-15T23:24:02 IST" name="setUp" finished-at="2025-04-15T23:24:07 IST" duration-ms="5413" status="PASS">
          <params>
            <param index="0">
              <value>
                <![CDATA[chrome]]>
              </value>
            </param>
          </params>
          <reporter-output>
          </reporter-output>
        </test-method> <!-- setUp -->
        <test-method signature="register()[pri:0, instance:testCases.TC_RF_001@269f4bad]" started-at="2025-04-15T23:24:07 IST" name="register" finished-at="2025-04-15T23:24:11 IST" duration-ms="4052" status="PASS">
          <reporter-output>
          </reporter-output>
        </test-method> <!-- register -->
        <test-method is-config="true" signature="tearDown()[pri:0, instance:testCases.TC_RF_001@269f4bad]" started-at="2025-04-15T23:24:11 IST" name="tearDown" finished-at="2025-04-15T23:24:12 IST" duration-ms="404" status="PASS">
          <reporter-output>
          </reporter-output>
        </test-method> <!-- tearDown -->
      </class> <!-- testCases.TC_RF_001 -->
    </test> <!-- Test -->
  </suite> <!-- Suite -->
</testng-results>
